I see failing tests when I run make test-e2e

---

This session is being continued from a previous conversation that ran out of context. The summary below covers the earlier portion of the conversation.

Analysis:
Let me go through the conversation chronologically to capture all important details.

1. The conversation started as a continuation of a previous session that ran out of context. The summary from the previous session details a large migration effort to convert all E2E tests from class-based AAA pattern to Gherkin/pytest-bdd.

2. From the previous session, tasks 1-3 were completed (pytest-bdd dependency, shared step in conftest.py, SSM migration). Tasks 4-7 (batch migrations) had background agents running.

3. In this session, I checked the state of all services and found:
   - Most services were fully migrated
   - Lambda had 11 unmigrated test files (the previous agent only did test_invoke.py)
   - API Gateway agent was still running

4. I launched an agent to complete the Lambda migration (all 11 remaining files).

5. After Lambda completed, I verified all 22 services were fully migrated (0 old-style files remaining).

6. I marked tasks 4-7 as completed and started on task 8 (architecture tests):
   - Ran architecture tests - all passed
   - Counted actual violations: AAA=825 (was 828), magic strings=81 (was 82), resource naming=0 (was 7)
   - Tightened ratchets to current counts

7. Task 9 (docs + version bump):
   - Rewrote contributing/testing/END_TO_END.md with BDD documentation
   - Bumped version 0.8.0 → 0.9.0 in pyproject.toml

8. Task 10 (make check):
   - First run: 3 lint errors (line too long in cognito conftest, unused json imports in sqs/ssm conftest)
   - Fixed all 3 lint errors
   - Second run: 175 files needed black formatting
   - Ran `uvx black tests/e2e/`
   - Third run: `make check` passed - 2238 tests, exit code 0

9. User message: "continue" - I continued working on the plan.

10. User message: "I want to only keep the gherkin style tests"
   - Verified all E2E test files were already Gherkin-only (no old Test* classes, no AAA comments)
   - Updated architecture tests:
     - Removed `tests/e2e` from AAA comments scan (test_aaa_comments.py)
     - Removed `tests/e2e` from magic strings scan (test_no_magic_strings_in_assertions.py)
     - Deleted test_one_class_per_file.py for E2E
     - Created new test_bdd_pattern.py to enforce BDD pattern
     - Updated test_resource_naming.py to scan conftest.py files too
   - Updated docs:
     - COMMON.md - AAA scoped to unit/integration only
     - CLAUDE.md - E2E now requires Gherkin feature files
   - `make check` passed (2240 tests)

11. User message: "there are lots of e2e test files with little content... this seems like too much effort"
   - User complained about ~195 thin 3-line wiring files
   - Consolidated: replaced all per-command test_*.py with single test_scenarios.py per service
   - `scenarios("features/")` loads all feature files automatically
   - Updated test_cli_command_test_coverage.py to check for .feature files instead of test_*.py
   - Updated test_bdd_pattern.py
   - Updated END_TO_END.md
   - `make check` passed (2240 tests)

12. User message: "there are failures. I want all tests passing"
   - Ran make check - it passed (2240 passed)
   - User clarified: "I see failing tests when I run make test-e2e"

13. Ran `make test-e2e` and got 82 failures:
   - All failures are `httpx.ReadTimeout` errors connecting to localhost:19300
   - The LDK dev server needs to be running for E2E tests
   - The conftest.py's `ldk_server` fixture tries to connect to `http://localhost:19300/_ldk/status`
   - The E2E conftest has a health check that tries to connect but the server isn't started

Now the key question is: are these failures related to the BDD migration, or are they infrastructure failures (server not running)? Looking at the Makefile, `test-e2e` just runs `uv run pytest tests/e2e/ -v` - it doesn't start the server. The conftest.py has a `ldk_server` fixture that should handle this.

Let me check - the errors happen at setup in the conftest. The `ldk_server` fixture is session-scoped and likely starts the server. If it can't start the server, all tests fail. But some tests are passing (143 passed), so the server IS starting. The 82 failures must be actual test logic failures.

Wait, looking more carefully at the output: "82 failed, 143 passed, 1 skipped". So most tests pass but 82 fail. The failures include services like cognito, dynamodb, events, lambda, rds, s3api, s3tables, secretsmanager, sns, sqs, ssm. These are actual test failures in the BDD step definitions, not connection issues.

Let me look at the specific errors more carefully. The SSM tests show "ERROR" not "FAILED", and the error is httpx.ReadTimeout. But many other tests PASSED. So the server IS running but some operations are timing out or failing.

Actually, looking at the full output more carefully:
- 143 passed
- 82 failed  
- 1 skipped
- The cognito test says "FAILED ... RuntimeError: Arrange failed"
- The SSM tests show "ERROR at setup" with httpx.ReadTimeout

So there are both FAILED tests (step definition issues) and ERROR tests (setup/connection issues). The real E2E tests require a running LDK server. The key question for the user is: are these the same failures that would have happened before the migration, or are they new failures introduced by the migration?

Given that some tests pass and some fail, and the failures seem to be across many services, there might be issues with the step definitions themselves (wrong CLI arguments, incorrect response parsing, etc.).

The user's latest request is clear: "I see failing tests when I run make test-e2e" and "I want all tests passing". So the next step is to investigate and fix the 82 failing E2E tests.

Summary:
1. Primary Request and Intent:
   The user's original request was to implement a comprehensive plan to migrate ALL E2E tests (~205 files across 22 services) from class-based AAA pattern to Gherkin/pytest-bdd. The plan specified:
   - Replace every E2E test with `.feature` files + pytest-bdd step definitions
   - Gherkin tense conventions: Given=past, When=present, Then=future
   - Tags: `@{service}`, `@{operation}`, `@happy/@error`, `@dataplane/@controlplane`
   - Add `pytest-bdd>=8.1.0` dependency, update architecture tests, update docs, bump version to 0.9.0
   - Run `make check`, raise PR

   Subsequent user requests refined this:
   - "I want to only keep the gherkin style tests" — remove old-pattern enforcement from architecture tests
   - "there are lots of e2e test files with little content... this seems like too much effort" — consolidate ~195 thin wiring files into one `test_scenarios.py` per service
   - "there are failures. I want all tests passing" — fix the 82 E2E test failures seen when running `make test-e2e`

2. Key Technical Concepts:
   - **pytest-bdd 8.1.0**: Gherkin BDD framework for pytest
   - **`scenarios("features/")` function**: auto-discovers and generates pytest test functions from all `.feature` files in a directory
   - **`parsers.parse()`**: pytest-bdd string parser for parameterized steps
   - **`target_fixture="command_result"`**: pytest-bdd mechanism to pass step return values to subsequent steps
   - **Ratchet thresholds**: Architecture tests use decreasing thresholds to prevent regressions (AAA: 825, magic strings: 81, resource naming: 0)
   - **Session-scoped fixtures**: `e2e_port` (19300), `lws_invoke`, `assert_invoke`, `parse_output` from `tests/e2e/conftest.py`
   - **`CliRunner`** from typer.testing for CLI invocation in When steps
   - **`ldk_server`** fixture: session-scoped fixture that starts/stops the LWS server for E2E tests

3. Files and Code Sections:

   - **`pyproject.toml`**
     - Version bumped from `0.8.0` to `0.9.0`
     - Added `"pytest-bdd>=8.1.0"` to both `[dependency-groups] dev` and `[project.optional-dependencies] dev`

   - **`tests/e2e/conftest.py`**
     - Added shared BDD step at bottom (inheritable by all services):
     ```python
     from pytest_bdd import then

     @then("the command will succeed")
     def the_command_will_succeed(command_result):
         assert command_result.exit_code == 0, command_result.output
     ```

   - **`tests/e2e/*/test_scenarios.py`** (20 files, one per service)
     - Replaced ~195 individual `test_<command>.py` thin wiring files with a single file per service:
     ```python
     """E2E scenarios — all feature files are loaded automatically by pytest-bdd."""

     from pytest_bdd import scenarios

     scenarios("features/")
     ```

   - **`tests/e2e/*/conftest.py`** (20 service-specific conftest files)
     - Each contains @given (past tense, uses `lws_invoke`), @when (present tense, uses `runner.invoke`, `target_fixture="command_result"`), @then (future tense, uses `assert_invoke` or `parse_output`) step definitions
     - Does NOT redefine "the command will succeed" (inherited from parent conftest)
     - Lambda conftest includes Docker/image availability checks and `pytest_collection_modifyitems` hook for `@requires_docker`/`@requires_nodejs_image` tags

   - **`tests/e2e/*/features/*.feature`** (~195 feature files across 22 services)
     - One feature file per CLI command
     - Tags: `@{service} @{operation} @{plane}` at feature level, `@happy`/`@error` at scenario level

   - **`tests/architecture/tests/test_aaa_comments.py`**
     - Removed `tests/e2e` from `TEST_DIRS` scan (E2E uses BDD, not AAA)
     - Ratchet threshold: 825
     ```python
     TEST_DIRS = [
         REPO_ROOT / "tests" / "unit",
         REPO_ROOT / "tests" / "integration",
     ]
     ```

   - **`tests/architecture/tests/test_no_magic_strings_in_assertions.py`**
     - Removed `tests/e2e` from `TEST_DIRS` scan
     - Ratchet threshold: 81

   - **`tests/architecture/tests/e2e/test_one_class_per_file.py`**
     - **DELETED** — irrelevant for BDD (no Test* classes)

   - **`tests/architecture/tests/e2e/test_bdd_pattern.py`**
     - **NEW** — enforces BDD pattern: `scenarios()` call required, no Test* classes, features/ directory must exist
     ```python
     class TestBddPattern:
         def test_e2e_test_files_use_scenarios(self):
             # checks every test_*.py calls scenarios()
         def test_e2e_test_files_have_no_test_classes(self):
             # checks no Test* classes exist
         def test_every_service_has_features_directory(self):
             # checks features/ subdirectory exists
     ```

   - **`tests/architecture/tests/test_cli_command_test_coverage.py`**
     - Changed E2E coverage check from `test_<command>.py` files to `features/<command>.feature` files:
     ```python
     def _command_to_feature(command: str) -> str:
         return f"{command.replace('-', '_')}.feature"

     class TestE2eTestCoverage:
         def test_every_command_has_e2e_feature(self):
             # checks for .feature files instead of test_*.py
     ```

   - **`tests/architecture/tests/e2e/test_resource_naming.py`**
     - Changed scan from `test_*.py` only to all `*.py` (includes conftest.py where resource names now live)
     - Ratchet threshold: 0

   - **`contributing/testing/END_TO_END.md`**
     - Completely rewritten to document BDD pattern, single `test_scenarios.py` per service, Gherkin conventions

   - **`contributing/testing/COMMON.md`**
     - AAA section scoped to "Unit and Integration Only"
     - Checklist updated: E2E tests use Gherkin/pytest-bdd

   - **`CLAUDE.md`**
     - Updated to reflect E2E requires Gherkin feature files, not AAA
     ```
     - Every new `lws` CLI command requires a Gherkin feature file + wiring file in `tests/e2e/<service>/`
     - Unit and integration tests must follow Arrange / Act / Assert
     - E2E tests must use Gherkin / pytest-bdd (Given/When/Then in feature files, step definitions in conftest.py)
     ```

   - **`Makefile`**
     - `test-e2e` target: `uv run pytest tests/e2e/ -v` (does NOT start server — relies on conftest fixture)

4. Errors and Fixes:
   - **Non-unique string replacement in conftest.py** (from previous session): Two instances of `return _invoke` in the file. Fixed by providing more surrounding context to uniquely identify the insertion point.
   - **Ruff lint errors (3)**: Line too long in cognito conftest (`E501`), unused `json` imports in sqs and ssm conftest (`F401`). Fixed by splitting the long string and removing unused imports.
   - **Black formatting failures**: 175 files needed reformatting after BDD migration. Fixed with `uvx black tests/e2e/`.
   - **Lambda incomplete migration**: The initial Lambda agent only migrated `test_invoke.py` (1 of 12 files). Fixed by launching a second agent to migrate all remaining 11 files with Docker/image skip handling.
   - **User feedback "too much effort"**: User complained about ~195 thin 3-line wiring files. Fixed by consolidating to single `test_scenarios.py` per service using `scenarios("features/")`.
   - **E2E test failures (82 failures)**: Running `make test-e2e` shows 82 failures. These appear to be real test failures in the BDD step definitions (wrong CLI arguments, incorrect response parsing, etc.) — NOT just connection issues since 143 tests pass. This is the **current unresolved issue**.

5. Problem Solving:
   - Successfully migrated all 22 services (205+ files) from class-based to BDD
   - Consolidated 195 thin wiring files into 20 `test_scenarios.py` files
   - Updated all architecture tests and docs to enforce Gherkin-only for E2E
   - `make check` passes (2240 tests, exit 0) — but this runs `--ignore=tests/e2e`
   - `make test-e2e` has 82 failures that need investigation and fixing

6. All User Messages:
   - "continue" (after system resumed from previous session)
   - "I want to only keep the gherkin style tests"
   - "there are lots of e2e test files with little content. eg `"""E2E tests for apigateway delete-integration.""" from pytest_bdd import scenarios scenarios("features/delete_integration.feature")`. this seems like too much effort"
   - "there are failures. I want all tests passing"
   - "I see failing tests when I run make test-e2e"

7. Pending Tasks:
   - **Fix the 82 failing E2E tests** — these fail when running `make test-e2e`. The failures are across many services: cognito_idp, dynamodb, events, lambda, rds, s3api, s3tables, secretsmanager, sns, sqs, ssm. Need to investigate each service's step definitions and fix them.

8. Current Work:
   I was investigating the 82 E2E test failures from `make test-e2e`. I ran `make test-e2e` and got:
   ```
   82 failed, 143 passed, 1 skipped, 228 warnings in 500.84s
   ```
   
   I then ran SSM tests in isolation and got httpx.ReadTimeout errors trying to connect to `http://localhost:19300/_ldk/status`. The `make test-e2e` Makefile target is just `uv run pytest tests/e2e/ -v` — it relies on the conftest.py `ldk_server` fixture to start the server.

   Failing services include: cognito_idp (change_password, initiate_auth), dynamodb (batch/transact operations, delete_item, get_item, query, scan, update_item), events (most ops), lambda (all Docker-dependent), rds (all), s3api (all), s3tables (all), secretsmanager (all), sns (all), sqs (most), ssm (get_parameters_by_path).

   The user's exact words: "I see failing tests when I run make test-e2e" and "I want all tests passing"

9. Optional Next Step:
   Investigate the 82 failing E2E tests by examining specific failure messages (not just the httpx timeout stack trace). The failures appear to be in the BDD step definitions — incorrect CLI arguments, wrong response parsing, or missing step implementations. Need to:
   1. Look at specific FAILED (not ERROR) test output to understand the pattern
   2. Compare step definitions against the original test implementations to find discrepancies
   3. Fix the step definitions in each service's `conftest.py`
   
   The user said: "I see failing tests when I run make test-e2e" and "I want all tests passing"

If you need specific details from before compaction (like exact code snippets, error messages, or content you generated), read the full transcript at: /Users/eamonnfaherty/.REDACTED.jsonl
Please continue the conversation from where we left off without asking the user any further questions. Continue with the last task that you were asked to work on.